platforms/android/build/intermediates/manifest_merge_blame_file/debug/processDebugMainManifest/manifest-merger-blame-debug-report.txt
1<?xml version="1.0" encoding="utf-8"?>
2<!--
3  Filename: AndroidManifest.xml
4  FullPath: apps/CWSP-explorer/platforms/android/AndroidManifest.xml
5  FIND:sku
6  Change date and time: 13.52.00_24.08.2026
7  Reason for changes: Explorer APK — file/SAF/share rights only; no HOME/FGS/contacts.
8-->
9<manifest xmlns:android="http://schemas.android.com/apk/res/android"
10    package="space.u2re.explorer"
11    android:versionCode="1"
12    android:versionName="0.0.1" >
13
14    <uses-sdk
15        android:minSdkVersion="24"
16        android:targetSdkVersion="36" />
17
18    <uses-permission android:name="android.permission.INTERNET" />
18-->platforms/android/AndroidManifest.xml:12:5-67
18-->platforms/android/AndroidManifest.xml:12:22-64
19    <uses-permission android:name="android.permission.ACCESS_NETWORK_STATE" />
19-->platforms/android/AndroidManifest.xml:13:5-79
19-->platforms/android/AndroidManifest.xml:13:22-76
20    <uses-permission android:name="android.permission.READ_MEDIA_IMAGES" />
20-->platforms/android/AndroidManifest.xml:14:5-76
20-->platforms/android/AndroidManifest.xml:14:22-73
21    <uses-permission android:name="android.permission.READ_MEDIA_VIDEO" />
21-->platforms/android/AndroidManifest.xml:15:5-75
21-->platforms/android/AndroidManifest.xml:15:22-72
22    <uses-permission android:name="android.permission.READ_MEDIA_AUDIO" />
22-->platforms/android/AndroidManifest.xml:16:5-75
22-->platforms/android/AndroidManifest.xml:16:22-72
23    <uses-permission
23-->platforms/android/AndroidManifest.xml:17:5-19:38
24        android:name="android.permission.READ_EXTERNAL_STORAGE"
24-->platforms/android/AndroidManifest.xml:18:9-64
25        android:maxSdkVersion="32" />
25-->platforms/android/AndroidManifest.xml:19:9-35
26    <uses-permission
26-->platforms/android/AndroidManifest.xml:20:5-23:40
27        android:name="android.permission.WRITE_EXTERNAL_STORAGE"
27-->platforms/android/AndroidManifest.xml:21:9-65
28        android:maxSdkVersion="28" />
28-->platforms/android/AndroidManifest.xml:22:9-35
29    <uses-permission android:name="android.permission.MANAGE_EXTERNAL_STORAGE" />
29-->platforms/android/AndroidManifest.xml:24:5-26:40
29-->platforms/android/AndroidManifest.xml:25:9-66
30    <uses-permission android:name="android.permission.REQUEST_INSTALL_PACKAGES" />
30-->platforms/android/AndroidManifest.xml:27:5-83
30-->platforms/android/AndroidManifest.xml:27:22-80
31
32    <permission
32-->[androidx.core:core:1.17.0] AndroidManifest.xml:22:5-24:47
33        android:name="space.u2re.explorer.DYNAMIC_RECEIVER_NOT_EXPORTED_PERMISSION"
33-->[androidx.core:core:1.17.0] AndroidManifest.xml:23:9-81
34        android:protectionLevel="signature" />
34-->[androidx.core:core:1.17.0] AndroidManifest.xml:24:9-44
35
36    <uses-permission android:name="space.u2re.explorer.DYNAMIC_RECEIVER_NOT_EXPORTED_PERMISSION" />
36-->[androidx.core:core:1.17.0] AndroidManifest.xml:26:5-97
36-->[androidx.core:core:1.17.0] AndroidManifest.xml:26:22-94
37
38    <application
39        android:name="space.u2re.cwsp.CwspCapacitorApp"
39-->platforms/android/AndroidManifest.xml:30:9-56
40        android:allowBackup="false"
40-->platforms/android/AndroidManifest.xml:31:9-36
41        android:appComponentFactory="androidx.core.app.CoreComponentFactory"
41-->[androidx.core:core:1.17.0] AndroidManifest.xml:28:18-86
42        android:debuggable="true"
43        android:extractNativeLibs="false"
44        android:hardwareAccelerated="true"
44-->platforms/android/AndroidManifest.xml:36:9-43
45        android:icon="@mipmap/ic_launcher"
45-->platforms/android/AndroidManifest.xml:32:9-43
46        android:label="@string/app_name"
46-->platforms/android/AndroidManifest.xml:33:9-41
47        android:networkSecurityConfig="@xml/network_security_config"
47-->platforms/android/AndroidManifest.xml:38:9-69
48        android:requestLegacyExternalStorage="true"
48-->platforms/android/AndroidManifest.xml:40:9-52
49        android:roundIcon="@mipmap/ic_launcher_round"
49-->platforms/android/AndroidManifest.xml:34:9-54
50        android:supportsRtl="true"
50-->platforms/android/AndroidManifest.xml:35:9-35
51        android:theme="@style/AppTheme.NoActionBar"
51-->platforms/android/AndroidManifest.xml:39:9-52
52        android:usesCleartextTraffic="false" >
52-->platforms/android/AndroidManifest.xml:37:9-61
53        <activity
53-->platforms/android/AndroidManifest.xml:43:9-68:20
54            android:name="space.u2re.cwsp.MainActivity"
54-->platforms/android/AndroidManifest.xml:44:13-56
55            android:configChanges="orientation|keyboardHidden|keyboard|screenSize|locale|smallestScreenSize|screenLayout|uiMode|navigation|density"
55-->platforms/android/AndroidManifest.xml:50:13-148
56            android:exported="true"
56-->platforms/android/AndroidManifest.xml:47:13-36
57            android:hardwareAccelerated="true"
57-->platforms/android/AndroidManifest.xml:49:13-47
58            android:label="@string/title_activity_main"
58-->platforms/android/AndroidManifest.xml:45:13-56
59            android:launchMode="singleTask"
59-->platforms/android/AndroidManifest.xml:48:13-44
60            android:theme="@style/AppTheme.NoActionBarLaunch" >
60-->platforms/android/AndroidManifest.xml:46:13-62
61            <intent-filter>
61-->platforms/android/AndroidManifest.xml:51:13-54:29
62                <action android:name="android.intent.action.MAIN" />
62-->platforms/android/AndroidManifest.xml:52:17-69
62-->platforms/android/AndroidManifest.xml:52:25-66
63
64                <category android:name="android.intent.category.LAUNCHER" />
64-->platforms/android/AndroidManifest.xml:53:17-77
64-->platforms/android/AndroidManifest.xml:53:27-74
65            </intent-filter>
66            <intent-filter>
66-->platforms/android/AndroidManifest.xml:55:13-61:29
67                <action android:name="android.intent.action.VIEW" />
67-->platforms/android/AndroidManifest.xml:56:17-69
67-->platforms/android/AndroidManifest.xml:56:25-66
68                <action android:name="android.intent.action.SEND" />
68-->platforms/android/AndroidManifest.xml:57:17-69
68-->platforms/android/AndroidManifest.xml:57:25-66
69                <action android:name="android.intent.action.SEND_MULTIPLE" />
69-->platforms/android/AndroidManifest.xml:58:17-78
69-->platforms/android/AndroidManifest.xml:58:25-75
70
71                <category android:name="android.intent.category.DEFAULT" />
71-->platforms/android/AndroidManifest.xml:59:17-76
71-->platforms/android/AndroidManifest.xml:59:27-73
72
73                <data android:mimeType="*/*" />
73-->platforms/android/AndroidManifest.xml:60:17-48
73-->platforms/android/AndroidManifest.xml:60:23-45
74            </intent-filter>
75            <intent-filter>
75-->platforms/android/AndroidManifest.xml:62:13-67:29
76                <action android:name="android.intent.action.VIEW" />
76-->platforms/android/AndroidManifest.xml:56:17-69
76-->platforms/android/AndroidManifest.xml:56:25-66
77
78                <category android:name="android.intent.category.DEFAULT" />
78-->platforms/android/AndroidManifest.xml:59:17-76
78-->platforms/android/AndroidManifest.xml:59:27-73
79                <category android:name="android.intent.category.BROWSABLE" />
79-->platforms/android/AndroidManifest.xml:65:17-78
79-->platforms/android/AndroidManifest.xml:65:27-75
80
81                <data android:scheme="space.u2re.explorer" />
81-->platforms/android/AndroidManifest.xml:60:17-48
81-->platforms/android/AndroidManifest.xml:66:23-59
82            </intent-filter>
83        </activity>
84
85        <provider
86            android:name="androidx.core.content.FileProvider"
86-->platforms/android/AndroidManifest.xml:71:13-62
87            android:authorities="space.u2re.explorer.fileprovider"
87-->platforms/android/AndroidManifest.xml:72:13-64
88            android:exported="false"
88-->platforms/android/AndroidManifest.xml:73:13-37
89            android:grantUriPermissions="true" >
89-->platforms/android/AndroidManifest.xml:74:13-47
90            <meta-data
90-->platforms/android/AndroidManifest.xml:75:13-77:54
91                android:name="android.support.FILE_PROVIDER_PATHS"
91-->platforms/android/AndroidManifest.xml:76:17-67
92                android:resource="@xml/file_paths" />
92-->platforms/android/AndroidManifest.xml:77:17-51
93        </provider>
94        <provider
94-->[androidx.emoji2:emoji2:1.3.0] AndroidManifest.xml:24:9-32:20
95            android:name="androidx.startup.InitializationProvider"
95-->[androidx.emoji2:emoji2:1.3.0] AndroidManifest.xml:25:13-67
96            android:authorities="space.u2re.explorer.androidx-startup"
96-->[androidx.emoji2:emoji2:1.3.0] AndroidManifest.xml:26:13-68
97            android:exported="false" >
97-->[androidx.emoji2:emoji2:1.3.0] AndroidManifest.xml:27:13-37
98            <meta-data
98-->[androidx.emoji2:emoji2:1.3.0] AndroidManifest.xml:29:13-31:52
99                android:name="androidx.emoji2.text.EmojiCompatInitializer"
99-->[androidx.emoji2:emoji2:1.3.0] AndroidManifest.xml:30:17-75
100                android:value="androidx.startup" />
100-->[androidx.emoji2:emoji2:1.3.0] AndroidManifest.xml:31:17-49
101            <meta-data
101-->[androidx.lifecycle:lifecycle-process:2.6.2] AndroidManifest.xml:29:13-31:52
102                android:name="androidx.lifecycle.ProcessLifecycleInitializer"
102-->[androidx.lifecycle:lifecycle-process:2.6.2] AndroidManifest.xml:30:17-78
103                android:value="androidx.startup" />
103-->[androidx.lifecycle:lifecycle-process:2.6.2] AndroidManifest.xml:31:17-49
104            <meta-data
104-->[androidx.profileinstaller:profileinstaller:1.4.0] AndroidManifest.xml:29:13-31:52
105                android:name="androidx.profileinstaller.ProfileInstallerInitializer"
105-->[androidx.profileinstaller:profileinstaller:1.4.0] AndroidManifest.xml:30:17-85
106                android:value="androidx.startup" />
106-->[androidx.profileinstaller:profileinstaller:1.4.0] AndroidManifest.xml:31:17-49
107        </provider>
108
109        <receiver
109-->[androidx.profileinstaller:profileinstaller:1.4.0] AndroidManifest.xml:34:9-52:20
110            android:name="androidx.profileinstaller.ProfileInstallReceiver"
110-->[androidx.profileinstaller:profileinstaller:1.4.0] AndroidManifest.xml:35:13-76
111            android:directBootAware="false"
111-->[androidx.profileinstaller:profileinstaller:1.4.0] AndroidManifest.xml:36:13-44
112            android:enabled="true"
112-->[androidx.profileinstaller:profileinstaller:1.4.0] AndroidManifest.xml:37:13-35
113            android:exported="true"
113-->[androidx.profileinstaller:profileinstaller:1.4.0] AndroidManifest.xml:38:13-36
114            android:permission="android.permission.DUMP" >
114-->[androidx.profileinstaller:profileinstaller:1.4.0] AndroidManifest.xml:39:13-57
115            <intent-filter>
115-->[androidx.profileinstaller:profileinstaller:1.4.0] AndroidManifest.xml:40:13-42:29
116                <action android:name="androidx.profileinstaller.action.INSTALL_PROFILE" />
116-->[androidx.profileinstaller:profileinstaller:1.4.0] AndroidManifest.xml:41:17-91
116-->[androidx.profileinstaller:profileinstaller:1.4.0] AndroidManifest.xml:41:25-88
117            </intent-filter>
118            <intent-filter>
118-->[androidx.profileinstaller:profileinstaller:1.4.0] AndroidManifest.xml:43:13-45:29
119                <action android:name="androidx.profileinstaller.action.SKIP_FILE" />
119-->[androidx.profileinstaller:profileinstaller:1.4.0] AndroidManifest.xml:44:17-85
119-->[androidx.profileinstaller:profileinstaller:1.4.0] AndroidManifest.xml:44:25-82
120            </intent-filter>
121            <intent-filter>
121-->[androidx.profileinstaller:profileinstaller:1.4.0] AndroidManifest.xml:46:13-48:29
122                <action android:name="androidx.profileinstaller.action.SAVE_PROFILE" />
122-->[androidx.profileinstaller:profileinstaller:1.4.0] AndroidManifest.xml:47:17-88
122-->[androidx.profileinstaller:profileinstaller:1.4.0] AndroidManifest.xml:47:25-85
123            </intent-filter>
124            <intent-filter>
124-->[androidx.profileinstaller:profileinstaller:1.4.0] AndroidManifest.xml:49:13-51:29
125                <action android:name="androidx.profileinstaller.action.BENCHMARK_OPERATION" />
125-->[androidx.profileinstaller:profileinstaller:1.4.0] AndroidManifest.xml:50:17-95
125-->[androidx.profileinstaller:profileinstaller:1.4.0] AndroidManifest.xml:50:25-92
126            </intent-filter>
127        </receiver>
128    </application>
129
130</manifest>